[0m00:20:24.688198 [debug] [MainThread]: Sending event: {'category': 'dbt', 'action': 'invocation', 'label': 'start', 'context': [<snowplow_tracker.self_describing_json.SelfDescribingJson object at 0x000001CF702CD070>, <snowplow_tracker.self_describing_json.SelfDescribingJson object at 0x000001CF701B1EE0>, <snowplow_tracker.self_describing_json.SelfDescribingJson object at 0x000001CF74F0D520>]}


============================== 00:20:24.696269 | 53c2e86e-b453-46a3-a747-059c3d6528f0 ==============================
[0m00:20:24.696269 [info ] [MainThread]: Running with dbt=1.12.0-rc3
[0m00:20:24.697322 [debug] [MainThread]: running dbt with arguments {'version_check': 'True', 'no_print': 'None', 'static_parser': 'True', 'target_path': 'None', 'maximum_seed_size_mib': '1', 'warn_error_options': 'WarnErrorOptionsV2(error=[], warn=[], silence=[])', 'printer_width': '80', 'write_json': 'True', 'introspect': 'True', 'log_cache_events': 'False', 'empty': 'None', 'cache_selected_only': 'False', 'fail_fast': 'False', 'debug': 'False', 'log_format': 'default', 'partial_parse': 'True', 'send_anonymous_usage_stats': 'True', 'quiet': 'False', 'warn_error': 'None', 'profiles_dir': 'C:\\Users\\sidve\\.dbt', 'invocation_command': 'dbt init cms_spine', 'hints_enabled': 'True', 'indirect_selection': 'eager', 'use_experimental_parser': 'False', 'use_colors': 'True', 'log_path': 'logs'}
[0m00:20:24.723510 [info ] [MainThread]: Creating dbt configuration folder at C:\Users\sidve\.dbt
[0m00:20:24.727100 [debug] [MainThread]: Starter project path: C:\Users\sidve\anaconda3\Lib\site-packages\dbt\include\starter_project
[0m00:20:24.772803 [info ] [MainThread]: Setting up your profile.
[0m00:22:55.111900 [error] [MainThread]: [[31mERROR[0m]: Encountered an error:

[0m00:22:55.118674 [error] [MainThread]: Traceback (most recent call last):
  File "C:\Users\sidve\anaconda3\Lib\site-packages\dbt\cli\requires.py", line 191, in wrapper
    result, success = func(*args, **kwargs)
                      ^^^^^^^^^^^^^^^^^^^^^
  File "C:\Users\sidve\anaconda3\Lib\site-packages\dbt\cli\requires.py", line 137, in wrapper
    return func(*args, **kwargs)
           ^^^^^^^^^^^^^^^^^^^^^
  File "C:\Users\sidve\anaconda3\Lib\site-packages\dbt\cli\main.py", line 503, in init
    results = task.run()
              ^^^^^^^^^^
  File "C:\Users\sidve\anaconda3\Lib\site-packages\dbt\task\init.py", line 360, in run
    self.setup_profile(profile_name)
  File "C:\Users\sidve\anaconda3\Lib\site-packages\dbt\task\init.py", line 264, in setup_profile
    self.create_profile_from_target(adapter, profile_name=profile_name)
  File "C:\Users\sidve\anaconda3\Lib\site-packages\dbt\task\init.py", line 181, in create_profile_from_target
    self.create_profile_from_profile_template(profile_template, profile_name)
  File "C:\Users\sidve\anaconda3\Lib\site-packages\dbt\task\init.py", line 165, in create_profile_from_profile_template
    target = self.generate_target_from_input(prompts, initial_target)
             ^^^^^^^^^^^^^^^^^^^^^^^^^^^^^^^^^^^^^^^^^^^^^^^^^^^^^^^^
  File "C:\Users\sidve\anaconda3\Lib\site-packages\dbt\task\init.py", line 131, in generate_target_from_input
    target[key] = click.prompt(
                  ^^^^^^^^^^^^^
  File "C:\Users\sidve\anaconda3\Lib\site-packages\click\termui.py", line 218, in prompt
    value = prompt_func(prompt)
            ^^^^^^^^^^^^^^^^^^^
  File "C:\Users\sidve\anaconda3\Lib\site-packages\click\termui.py", line 201, in prompt_func
    raise Abort() from None
click.exceptions.Abort

[0m00:22:55.120839 [debug] [MainThread]: Command `dbt init` failed at 00:22:55.120839 after 150.61 seconds
[0m00:22:55.120839 [debug] [MainThread]: Sending event: {'category': 'dbt', 'action': 'invocation', 'label': 'end', 'context': [<snowplow_tracker.self_describing_json.SelfDescribingJson object at 0x000001CF74DCED20>, <snowplow_tracker.self_describing_json.SelfDescribingJson object at 0x000001CF75030470>, <snowplow_tracker.self_describing_json.SelfDescribingJson object at 0x000001CF74FD5280>]}
[0m00:22:55.121844 [debug] [MainThread]: Flushing usage events
[0m00:22:55.468589 [debug] [MainThread]: An error was encountered while trying to flush usage events
[0m00:23:17.073559 [debug] [MainThread]: Sending event: {'category': 'dbt', 'action': 'invocation', 'label': 'start', 'context': [<snowplow_tracker.self_describing_json.SelfDescribingJson object at 0x000001D474BDCFB0>, <snowplow_tracker.self_describing_json.SelfDescribingJson object at 0x000001D47703CAD0>, <snowplow_tracker.self_describing_json.SelfDescribingJson object at 0x000001D477D170E0>]}


============================== 00:23:17.078394 | eac99785-75e1-43b5-bc50-adcdb93bf8ed ==============================
[0m00:23:17.078394 [info ] [MainThread]: Running with dbt=1.12.0-rc3
[0m00:23:17.079587 [debug] [MainThread]: running dbt with arguments {'version_check': 'True', 'no_print': 'None', 'static_parser': 'True', 'target_path': 'None', 'maximum_seed_size_mib': '1', 'warn_error_options': 'WarnErrorOptionsV2(error=[], warn=[], silence=[])', 'printer_width': '80', 'write_json': 'True', 'empty': 'None', 'log_cache_events': 'False', 'introspect': 'True', 'cache_selected_only': 'False', 'log_format': 'default', 'debug': 'False', 'fail_fast': 'False', 'profiles_dir': 'C:\\Users\\sidve\\.dbt', 'send_anonymous_usage_stats': 'True', 'quiet': 'False', 'warn_error': 'None', 'partial_parse': 'True', 'use_colors': 'True', 'hints_enabled': 'True', 'invocation_command': 'dbt init cms_spine', 'use_experimental_parser': 'False', 'indirect_selection': 'eager', 'log_path': 'logs'}
[0m00:23:17.110098 [info ] [MainThread]: A project called cms_spine already exists here.
[0m00:23:17.111397 [debug] [MainThread]: Command `dbt init` succeeded at 00:23:17.111397 after 0.28 seconds
[0m00:23:17.111397 [debug] [MainThread]: Sending event: {'category': 'dbt', 'action': 'invocation', 'label': 'end', 'context': [<snowplow_tracker.self_describing_json.SelfDescribingJson object at 0x000001D4768E30E0>, <snowplow_tracker.self_describing_json.SelfDescribingJson object at 0x000001D4776674A0>, <snowplow_tracker.self_describing_json.SelfDescribingJson object at 0x000001D476B3A600>]}
[0m00:23:17.112503 [debug] [MainThread]: Flushing usage events
[0m00:23:17.406266 [debug] [MainThread]: An error was encountered while trying to flush usage events
[0m00:24:46.122497 [debug] [MainThread]: Sending event: {'category': 'dbt', 'action': 'invocation', 'label': 'start', 'context': [<snowplow_tracker.self_describing_json.SelfDescribingJson object at 0x00000236B93B8D40>, <snowplow_tracker.self_describing_json.SelfDescribingJson object at 0x00000236BC56C3E0>, <snowplow_tracker.self_describing_json.SelfDescribingJson object at 0x00000236BC4BEF60>]}


============================== 00:24:46.128151 | 72973332-d8c7-4766-852b-b46e14b268ce ==============================
[0m00:24:46.128151 [info ] [MainThread]: Running with dbt=1.12.0-rc3
[0m00:24:46.129864 [debug] [MainThread]: running dbt with arguments {'maximum_seed_size_mib': '1', 'no_print': 'None', 'static_parser': 'True', 'warn_error_options': 'WarnErrorOptionsV2(error=[], warn=[], silence=[])', 'version_check': 'True', 'target_path': 'None', 'printer_width': '80', 'write_json': 'True', 'empty': 'None', 'log_cache_events': 'False', 'introspect': 'True', 'cache_selected_only': 'False', 'log_format': 'default', 'debug': 'False', 'fail_fast': 'False', 'profiles_dir': 'C:\\Users\\sidve\\.dbt', 'send_anonymous_usage_stats': 'True', 'quiet': 'False', 'warn_error': 'None', 'partial_parse': 'True', 'invocation_command': 'dbt init cms_spine', 'hints_enabled': 'True', 'use_colors': 'True', 'use_experimental_parser': 'False', 'indirect_selection': 'eager', 'log_path': 'logs'}
[0m00:24:46.159876 [debug] [MainThread]: Starter project path: C:\Users\sidve\anaconda3\Lib\site-packages\dbt\include\starter_project
[0m00:24:46.176067 [info ] [MainThread]: Setting up your profile.
[0m00:29:05.411935 [info ] [MainThread]: Profile cms_spine written to C:\Users\sidve\.dbt\profiles.yml using target's profile_template.yml and your supplied values.
[0m00:29:05.417051 [info ] [MainThread]: Running dbt debug to validate the project...
[0m00:29:05.419264 [info ] [MainThread]: dbt version: 1.12.0-rc3
[0m00:29:05.419833 [info ] [MainThread]: python version: 3.12.7
[0m00:29:05.419833 [info ] [MainThread]: python path: C:\Users\sidve\anaconda3\python.exe
[0m00:29:05.421168 [info ] [MainThread]: os info: Windows-11-10.0.26200-SP0
[0m00:29:05.542629 [info ] [MainThread]: Using profiles dir at C:\Users\sidve\.dbt
[0m00:29:05.543632 [info ] [MainThread]: Using profiles.yml file at C:\Users\sidve\.dbt\profiles.yml
[0m00:29:05.544544 [info ] [MainThread]: Using dbt_project.yml file at C:\projects\healthcare-analytics\dbt\cms_spine\dbt_project.yml
[0m00:29:05.545936 [info ] [MainThread]: adapter type: postgres
[0m00:29:05.545936 [info ] [MainThread]: adapter version: 1.10.2
[0m00:29:05.687545 [info ] [MainThread]: Configuration:
[0m00:29:05.688630 [info ] [MainThread]:   profiles.yml file [[32mOK found and valid[0m]
[0m00:29:05.689542 [info ] [MainThread]:   dbt_project.yml file [[32mOK found and valid[0m]
[0m00:29:05.689542 [info ] [MainThread]: Required dependencies:
[0m00:29:05.689542 [debug] [MainThread]: Executing "git --help"
[0m00:29:05.741169 [debug] [MainThread]: STDOUT: "b"usage: git [-v | --version] [-h | --help] [-C <path>] [-c <name>=<value>]\n           [--exec-path[=<path>]] [--html-path] [--man-path] [--info-path]\n           [-p | --paginate | -P | --no-pager] [--no-replace-objects] [--no-lazy-fetch]\n           [--no-optional-locks] [--no-advice] [--bare] [--git-dir=<path>]\n           [--work-tree=<path>] [--namespace=<name>] [--config-env=<name>=<envvar>]\n           <command> [<args>]\n\nThese are common Git commands used in various situations:\n\nstart a working area (see also: git help tutorial)\n   clone      Clone a repository into a new directory\n   init       Create an empty Git repository or reinitialize an existing one\n\nwork on the current change (see also: git help everyday)\n   add        Add file contents to the index\n   mv         Move or rename a file, a directory, or a symlink\n   restore    Restore working tree files\n   rm         Remove files from the working tree and from the index\n\nexamine the history and state (see also: git help revisions)\n   bisect     Use binary search to find the commit that introduced a bug\n   diff       Show changes between commits, commit and working tree, etc\n   grep       Print lines matching a pattern\n   log        Show commit logs\n   show       Show various types of objects\n   status     Show the working tree status\n\ngrow, mark and tweak your common history\n   backfill   Download missing objects in a partial clone\n   branch     List, create, or delete branches\n   commit     Record changes to the repository\n   merge      Join two or more development histories together\n   rebase     Reapply commits on top of another base tip\n   reset      Set `HEAD` or the index to a known state\n   switch     Switch branches\n   tag        Create, list, delete or verify tags\n\ncollaborate (see also: git help workflows)\n   fetch      Download objects and refs from another repository\n   pull       Fetch from and integrate with another repository or a local branch\n   push       Update remote refs along with associated objects\n\n'git help -a' and 'git help -g' list available subcommands and some\nconcept guides. See 'git help <command>' or 'git help <concept>'\nto read about a specific subcommand or concept.\nSee 'git help git' for an overview of the system.\n""
[0m00:29:05.741169 [debug] [MainThread]: STDERR: "b''"
[0m00:29:05.741169 [info ] [MainThread]:  - git [[32mOK found[0m]

[0m00:29:05.742253 [info ] [MainThread]: Connection:
[0m00:29:05.742253 [info ] [MainThread]:   host: ep-lively-dew-ah9fnhkh-pooler.c-3.us-east-1.aws.neon.tech
[0m00:29:05.743315 [info ] [MainThread]:   port: 5432
[0m00:29:05.743315 [info ] [MainThread]:   user: sid
[0m00:29:05.743315 [info ] [MainThread]:   database: neondb
[0m00:29:05.744492 [info ] [MainThread]:   schema: dbt_dev
[0m00:29:05.744492 [info ] [MainThread]:   connect_timeout: 10
[0m00:29:05.744492 [info ] [MainThread]:   role: None
[0m00:29:05.745538 [info ] [MainThread]:   search_path: None
[0m00:29:05.745538 [info ] [MainThread]:   keepalives_idle: 0
[0m00:29:05.745538 [info ] [MainThread]:   sslmode: None
[0m00:29:05.746491 [info ] [MainThread]:   sslcert: None
[0m00:29:05.746491 [info ] [MainThread]:   sslkey: None
[0m00:29:05.747494 [info ] [MainThread]:   sslrootcert: None
[0m00:29:05.747494 [info ] [MainThread]:   application_name: dbt
[0m00:29:05.748491 [info ] [MainThread]:   retries: 1
[0m00:29:05.748491 [info ] [MainThread]: Registered adapter: postgres=1.10.2
[0m00:29:06.046272 [debug] [MainThread]: Acquiring new postgres connection 'debug'
[0m00:29:06.403057 [debug] [MainThread]: Using postgres connection "debug"
[0m00:29:06.403057 [debug] [MainThread]: On debug: select 1 as id
[0m00:29:06.403057 [debug] [MainThread]: Opening a new connection, currently in state init
[0m00:29:07.067966 [debug] [MainThread]: Postgres adapter: Got a retryable error when attempting to open a postgres connection.
1 attempts remaining. Retrying in 0 seconds.
Error:
connection to server at "ep-lively-dew-ah9fnhkh-pooler.c-3.us-east-1.aws.neon.tech" (2600:1f18:6fa0:b312:d68e:a301:d146:2c7), port 5432 failed: ERROR:  password authentication failed for user 'sid'
connection to server at "ep-lively-dew-ah9fnhkh-pooler.c-3.us-east-1.aws.neon.tech" (2600:1f18:6fa0:b312:d68e:a301:d146:2c7), port 5432 failed: ERROR:  connection is insecure (try using `sslmode=require`)

[0m00:29:07.527024 [debug] [MainThread]: Postgres adapter: Error running SQL: select 1 as id
[0m00:29:07.528087 [debug] [MainThread]: Postgres adapter: Rolling back transaction.
[0m00:29:07.529197 [debug] [MainThread]: On debug: No close available on handle
[0m00:29:07.530193 [info ] [MainThread]:   Connection test: [[31mERROR[0m]

[0m00:29:07.532111 [info ] [MainThread]: [31m1 check failed:[0m
[0m00:29:07.533314 [info ] [MainThread]: dbt was unable to connect to the specified database.
The database returned the following error:

  >Database Error
  connection to server at "ep-lively-dew-ah9fnhkh-pooler.c-3.us-east-1.aws.neon.tech" (2600:1f18:6fa0:b312:d68e:a301:d146:2c7), port 5432 failed: ERROR:  password authentication failed for user 'sid'
  connection to server at "ep-lively-dew-ah9fnhkh-pooler.c-3.us-east-1.aws.neon.tech" (2600:1f18:6fa0:b312:d68e:a301:d146:2c7), port 5432 failed: ERROR:  connection is insecure (try using `sslmode=require`)
  

Check your database credentials and try again. For more information, visit:
https://docs.getdbt.com/docs/configure-your-profile


[0m00:29:07.535640 [info ] [MainThread]: Your new dbt project "cms_spine" was created!
Initialized new project in C:\projects\healthcare-analytics\dbt\cms_spine\cms_spine

For more information on how to configure the profiles.yml file,
please consult the dbt documentation here:

  https://docs.getdbt.com/docs/configure-your-profile

One more thing:

Need help? Don't hesitate to reach out to us via GitHub issues or on Slack:

  https://community.getdbt.com/

Happy modeling!

[0m00:29:07.537712 [info ] [MainThread]: [31mYour profile may need adjustments. You can find the logs of `dbt debug` above[0m
[0m00:29:07.541531 [debug] [MainThread]: Command `dbt init` succeeded at 00:29:07.540493 after 261.60 seconds
[0m00:29:07.542764 [debug] [MainThread]: Connection 'debug' was properly closed.
[0m00:29:07.543898 [debug] [MainThread]: Sending event: {'category': 'dbt', 'action': 'invocation', 'label': 'end', 'context': [<snowplow_tracker.self_describing_json.SelfDescribingJson object at 0x00000236BDEBCA40>, <snowplow_tracker.self_describing_json.SelfDescribingJson object at 0x00000236BBECC5F0>, <snowplow_tracker.self_describing_json.SelfDescribingJson object at 0x00000236BBECE780>]}
[0m00:29:07.545020 [debug] [MainThread]: Flushing usage events
[0m00:29:07.937561 [debug] [MainThread]: An error was encountered while trying to flush usage events
